easeUIDemo_CN/build/outputs/logs/manifest-merger-debug-report.txt
-- Merging decision tree log ---
manifest
ADDED from src\main\AndroidManifest.xml:2:1-501:12
	package
		ADDED from src\main\AndroidManifest.xml:4:5-32
		INJECTED from src\main\AndroidManifest.xml
		INJECTED from src\main\AndroidManifest.xml
	android:versionName
		ADDED from src\main\AndroidManifest.xml:6:5-32
		INJECTED from src\main\AndroidManifest.xml
		INJECTED from src\main\AndroidManifest.xml
	xmlns:tools
		ADDED from src\main\AndroidManifest.xml:3:5-51
	android:versionCode
		ADDED from src\main\AndroidManifest.xml:5:5-29
		INJECTED from src\main\AndroidManifest.xml
		INJECTED from src\main\AndroidManifest.xml
	xmlns:android
		ADDED from src\main\AndroidManifest.xml:2:11-69
uses-sdk
ADDED from src\main\AndroidManifest.xml:8:5-11:59
MERGED from [VRhouse:redpacketlibrary:unspecified] AndroidManifest.xml:5:5-7:41
MERGED from [VRhouse:easeUI_CN:unspecified] AndroidManifest.xml:7:5-9:41
	tools:overrideLibrary
		ADDED from src\main\AndroidManifest.xml:11:9-56
	android:targetSdkVersion
		ADDED from src\main\AndroidManifest.xml:10:9-38
		INJECTED from src\main\AndroidManifest.xml
		INJECTED from src\main\AndroidManifest.xml
	android:minSdkVersion
		ADDED from src\main\AndroidManifest.xml:9:9-35
		INJECTED from src\main\AndroidManifest.xml
		INJECTED from src\main\AndroidManifest.xml
uses-permission#android.permission.VIBRATE
ADDED from src\main\AndroidManifest.xml:13:5-66
	android:name
		ADDED from src\main\AndroidManifest.xml:13:22-63
uses-permission#android.permission.INTERNET
ADDED from src\main\AndroidManifest.xml:14:5-67
	android:name
		ADDED from src\main\AndroidManifest.xml:14:22-64
uses-permission#android.permission.RECORD_AUDIO
ADDED from src\main\AndroidManifest.xml:15:5-71
	android:name
		ADDED from src\main\AndroidManifest.xml:15:22-68
uses-permission#android.permission.CAMERA
ADDED from src\main\AndroidManifest.xml:16:5-65
	android:name
		ADDED from src\main\AndroidManifest.xml:16:22-62
uses-permission#android.permission.ACCESS_NETWORK_STATE
ADDED from src\main\AndroidManifest.xml:17:5-79
	android:name
		ADDED from src\main\AndroidManifest.xml:17:22-76
uses-permission#android.permission.WRITE_EXTERNAL_STORAGE
ADDED from src\main\AndroidManifest.xml:18:5-81
	android:name
		ADDED from src\main\AndroidManifest.xml:18:22-78
uses-permission#android.permission.MOUNT_UNMOUNT_FILESYSTEMS
ADDED from src\main\AndroidManifest.xml:19:5-84
	android:name
		ADDED from src\main\AndroidManifest.xml:19:22-81
uses-permission#android.permission.ACCESS_FINE_LOCATION
ADDED from src\main\AndroidManifest.xml:20:5-79
	android:name
		ADDED from src\main\AndroidManifest.xml:20:22-76
uses-permission#android.permission.GET_TASKS
ADDED from src\main\AndroidManifest.xml:21:5-68
	android:name
		ADDED from src\main\AndroidManifest.xml:21:22-65
uses-permission#android.permission.ACCESS_WIFI_STATE
ADDED from src\main\AndroidManifest.xml:22:5-76
	android:name
		ADDED from src\main\AndroidManifest.xml:22:22-73
uses-permission#android.permission.CHANGE_WIFI_STATE
ADDED from src\main\AndroidManifest.xml:23:5-76
	android:name
		ADDED from src\main\AndroidManifest.xml:23:22-73
uses-permission#android.permission.WAKE_LOCK
ADDED from src\main\AndroidManifest.xml:24:5-68
	android:name
		ADDED from src\main\AndroidManifest.xml:24:22-65
uses-permission#android.permission.MODIFY_AUDIO_SETTINGS
ADDED from src\main\AndroidManifest.xml:25:5-80
	android:name
		ADDED from src\main\AndroidManifest.xml:25:22-77
uses-permission#android.permission.READ_PHONE_STATE
ADDED from src\main\AndroidManifest.xml:26:5-75
	android:name
		ADDED from src\main\AndroidManifest.xml:26:22-72
uses-permission#android.permission.RECEIVE_BOOT_COMPLETED
ADDED from src\main\AndroidManifest.xml:27:5-81
	android:name
		ADDED from src\main\AndroidManifest.xml:27:22-78
uses-permission#android.permission.USE_CREDENTIALS
ADDED from src\main\AndroidManifest.xml:28:5-74
	android:name
		ADDED from src\main\AndroidManifest.xml:28:22-71
uses-permission#com.android.launcher.permission.READ_SETTINGS
ADDED from src\main\AndroidManifest.xml:29:5-85
	android:name
		ADDED from src\main\AndroidManifest.xml:29:22-82
uses-permission#android.permission.BROADCAST_STICKY
ADDED from src\main\AndroidManifest.xml:30:5-75
	android:name
		ADDED from src\main\AndroidManifest.xml:30:22-72
uses-permission#android.permission.WRITE_SETTINGS
ADDED from src\main\AndroidManifest.xml:31:5-73
	android:name
		ADDED from src\main\AndroidManifest.xml:31:22-70
uses-permission#android.permission.REQUEST_IGNORE_BATTERY_OPTIMIZATIONS
ADDED from src\main\AndroidManifest.xml:32:5-95
	android:name
		ADDED from src\main\AndroidManifest.xml:32:22-92
uses-permission#com.google.android.c2dm.permission.RECEIVE
ADDED from src\main\AndroidManifest.xml:35:5-82
	android:name
		ADDED from src\main\AndroidManifest.xml:35:22-79
permission#com.hyphenate.chatuidemo.permission.C2D_MESSAGE
ADDED from src\main\AndroidManifest.xml:37:5-39:47
	android:protectionLevel
		ADDED from src\main\AndroidManifest.xml:39:9-44
	android:name
		ADDED from src\main\AndroidManifest.xml:38:9-71
uses-permission#com.hyphenate.chatuidemo.permission.C2D_MESSAGE
ADDED from src\main\AndroidManifest.xml:41:5-87
	android:name
		ADDED from src\main\AndroidManifest.xml:41:22-84
permission#com.hyphenate.chatuidemo.permission.MIPUSH_RECEIVE
ADDED from src\main\AndroidManifest.xml:43:5-45:55
	android:protectionLevel
		ADDED from src\main\AndroidManifest.xml:45:9-52
	android:name
		ADDED from src\main\AndroidManifest.xml:44:9-74
uses-permission#com.hyphenate.chatuidemo.permission.MIPUSH_RECEIVE
ADDED from src\main\AndroidManifest.xml:47:5-90
	android:name
		ADDED from src\main\AndroidManifest.xml:47:22-87
uses-permission#android.permission.READ_EXTERNAL_STORAGE
ADDED from src\main\AndroidManifest.xml:49:5-80
	android:name
		ADDED from src\main\AndroidManifest.xml:49:22-77
application
ADDED from src\main\AndroidManifest.xml:51:5-499:19
	android:label
		ADDED from src\main\AndroidManifest.xml:55:9-41
	android:allowBackup
		ADDED from src\main\AndroidManifest.xml:53:9-35
	android:icon
		ADDED from src\main\AndroidManifest.xml:54:9-48
	android:name
		ADDED from src\main\AndroidManifest.xml:52:9-40
activity#com.agent.vrhouse.ui.MainActivity
ADDED from src\main\AndroidManifest.xml:56:9-61:64
	android:screenOrientation
		ADDED from src\main\AndroidManifest.xml:59:13-49
	android:launchMode
		ADDED from src\main\AndroidManifest.xml:58:13-44
	android:windowSoftInputMode
		ADDED from src\main\AndroidManifest.xml:61:13-52
	android:theme
		ADDED from src\main\AndroidManifest.xml:60:13-52
	android:name
		ADDED from src\main\AndroidManifest.xml:57:13-44
activity#com.agent.vrhouse.ui.SplashActivity
ADDED from src\main\AndroidManifest.xml:64:9-73:20
	android:screenOrientation
		ADDED from src\main\AndroidManifest.xml:66:13-49
	android:theme
		ADDED from src\main\AndroidManifest.xml:67:13-52
	android:name
		ADDED from src\main\AndroidManifest.xml:65:13-46
intent-filter#android.intent.action.MAIN+android.intent.category.LAUNCHER
ADDED from src\main\AndroidManifest.xml:68:13-72:29
action#android.intent.action.MAIN
ADDED from src\main\AndroidManifest.xml:69:17-69
	android:name
		ADDED from src\main\AndroidManifest.xml:69:25-66
category#android.intent.category.LAUNCHER
ADDED from src\main\AndroidManifest.xml:71:17-77
	android:name
		ADDED from src\main\AndroidManifest.xml:71:27-74
activity#com.agent.vrhouse.ui.SplashVideoActivity
ADDED from src\main\AndroidManifest.xml:76:9-77:20
	android:name
		ADDED from src\main\AndroidManifest.xml:76:19-57
activity#com.agent.vrhouse.ui.LoginActivity
ADDED from src\main\AndroidManifest.xml:80:9-84:80
	android:screenOrientation
		ADDED from src\main\AndroidManifest.xml:82:13-49
	android:windowSoftInputMode
		ADDED from src\main\AndroidManifest.xml:84:13-68
	android:theme
		ADDED from src\main\AndroidManifest.xml:83:13-52
	android:name
		ADDED from src\main\AndroidManifest.xml:81:13-45
activity#com.agent.vrhouse.ui.RegisterActivity
ADDED from src\main\AndroidManifest.xml:87:9-91:80
	android:screenOrientation
		ADDED from src\main\AndroidManifest.xml:89:13-49
	android:windowSoftInputMode
		ADDED from src\main\AndroidManifest.xml:91:13-68
	android:theme
		ADDED from src\main\AndroidManifest.xml:90:13-52
	android:name
		ADDED from src\main\AndroidManifest.xml:88:13-48
activity#com.agent.vrhouse.ui.ChatActivity
ADDED from src\main\AndroidManifest.xml:93:9-98:67
	android:screenOrientation
		ADDED from src\main\AndroidManifest.xml:96:13-49
	android:launchMode
		ADDED from src\main\AndroidManifest.xml:95:13-44
	android:windowSoftInputMode
		ADDED from src\main\AndroidManifest.xml:98:13-55
	android:theme
		ADDED from src\main\AndroidManifest.xml:97:13-52
	android:name
		ADDED from src\main\AndroidManifest.xml:94:13-44
activity#com.agent.vrhouse.ui.AddContactActivity
ADDED from src\main\AndroidManifest.xml:100:9-104:67
	android:screenOrientation
		ADDED from src\main\AndroidManifest.xml:102:13-49
	android:windowSoftInputMode
		ADDED from src\main\AndroidManifest.xml:104:13-55
	android:theme
		ADDED from src\main\AndroidManifest.xml:103:13-52
	android:name
		ADDED from src\main\AndroidManifest.xml:101:13-50
activity#com.agent.vrhouse.ui.GroupDetailsActivity
ADDED from src\main\AndroidManifest.xml:106:9-109:64
	android:screenOrientation
		ADDED from src\main\AndroidManifest.xml:108:13-49
	android:theme
		ADDED from src\main\AndroidManifest.xml:109:13-52
	android:name
		ADDED from src\main\AndroidManifest.xml:107:13-52
activity#com.agent.vrhouse.ui.GroupsActivity
ADDED from src\main\AndroidManifest.xml:111:9-115:64
	android:screenOrientation
		ADDED from src\main\AndroidManifest.xml:113:13-49
	android:windowSoftInputMode
		ADDED from src\main\AndroidManifest.xml:115:13-52
	android:theme
		ADDED from src\main\AndroidManifest.xml:114:13-52
	android:name
		ADDED from src\main\AndroidManifest.xml:112:13-46
activity#com.agent.vrhouse.ui.ChatRoomDetailsActivity
ADDED from src\main\AndroidManifest.xml:118:9-121:64
	android:screenOrientation
		ADDED from src\main\AndroidManifest.xml:120:13-49
	android:theme
		ADDED from src\main\AndroidManifest.xml:121:13-52
	android:name
		ADDED from src\main\AndroidManifest.xml:119:13-55
activity#com.agent.vrhouse.ui.NewGroupActivity
ADDED from src\main\AndroidManifest.xml:124:9-128:64
	android:screenOrientation
		ADDED from src\main\AndroidManifest.xml:126:13-49
	android:windowSoftInputMode
		ADDED from src\main\AndroidManifest.xml:128:13-52
	android:theme
		ADDED from src\main\AndroidManifest.xml:127:13-52
	android:name
		ADDED from src\main\AndroidManifest.xml:125:13-48
activity#com.agent.vrhouse.ui.ExitGroupDialog
ADDED from src\main\AndroidManifest.xml:130:9-133:67
	android:screenOrientation
		ADDED from src\main\AndroidManifest.xml:132:13-49
	android:theme
		ADDED from src\main\AndroidManifest.xml:133:13-55
	android:name
		ADDED from src\main\AndroidManifest.xml:131:13-47
activity#com.agent.vrhouse.ui.GroupPickContactsActivity
ADDED from src\main\AndroidManifest.xml:135:9-139:64
	android:screenOrientation
		ADDED from src\main\AndroidManifest.xml:137:13-49
	android:windowSoftInputMode
		ADDED from src\main\AndroidManifest.xml:139:13-52
	android:theme
		ADDED from src\main\AndroidManifest.xml:138:13-52
	android:name
		ADDED from src\main\AndroidManifest.xml:136:13-57
activity#com.agent.vrhouse.ui.PickAtUserActivity
ADDED from src\main\AndroidManifest.xml:140:9-143:55
	android:screenOrientation
		ADDED from src\main\AndroidManifest.xml:142:13-49
	android:theme
		ADDED from src\main\AndroidManifest.xml:143:13-52
	android:name
		ADDED from src\main\AndroidManifest.xml:141:13-50
activity#com.hyphenate.easeui.ui.EaseBaiduMapActivity
ADDED from src\main\AndroidManifest.xml:145:9-148:64
	android:screenOrientation
		ADDED from src\main\AndroidManifest.xml:147:13-49
	android:theme
		ADDED from src\main\AndroidManifest.xml:148:13-52
	android:name
		ADDED from src\main\AndroidManifest.xml:146:13-72
activity#com.agent.vrhouse.ui.NewFriendsMsgActivity
ADDED from src\main\AndroidManifest.xml:151:9-154:64
	android:screenOrientation
		ADDED from src\main\AndroidManifest.xml:153:13-49
	android:theme
		ADDED from src\main\AndroidManifest.xml:154:13-52
	android:name
		ADDED from src\main\AndroidManifest.xml:152:13-53
activity#com.agent.vrhouse.ui.ForwardMessageActivity
ADDED from src\main\AndroidManifest.xml:156:9-160:64
	android:screenOrientation
		ADDED from src\main\AndroidManifest.xml:158:13-49
	android:windowSoftInputMode
		ADDED from src\main\AndroidManifest.xml:160:13-52
	android:theme
		ADDED from src\main\AndroidManifest.xml:159:13-52
	android:name
		ADDED from src\main\AndroidManifest.xml:157:13-54
activity#com.agent.vrhouse.ui.ContextMenuActivity
ADDED from src\main\AndroidManifest.xml:162:9-165:61
	android:screenOrientation
		ADDED from src\main\AndroidManifest.xml:164:13-49
	android:theme
		ADDED from src\main\AndroidManifest.xml:165:13-49
	android:name
		ADDED from src\main\AndroidManifest.xml:163:13-51
activity#com.hyphenate.easeui.ui.EaseShowBigImageActivity
ADDED from src\main\AndroidManifest.xml:167:9-170:64
	android:screenOrientation
		ADDED from src\main\AndroidManifest.xml:169:13-49
	android:theme
		ADDED from src\main\AndroidManifest.xml:170:13-52
	android:name
		ADDED from src\main\AndroidManifest.xml:168:13-76
activity#com.hyphenate.easeui.ui.EaseShowNormalFileActivity
ADDED from src\main\AndroidManifest.xml:172:9-175:64
	android:screenOrientation
		ADDED from src\main\AndroidManifest.xml:174:13-49
	android:theme
		ADDED from src\main\AndroidManifest.xml:175:13-52
	android:name
		ADDED from src\main\AndroidManifest.xml:173:13-78
activity#com.agent.vrhouse.ui.BlacklistActivity
ADDED from src\main\AndroidManifest.xml:177:9-180:64
	android:screenOrientation
		ADDED from src\main\AndroidManifest.xml:179:13-49
	android:theme
		ADDED from src\main\AndroidManifest.xml:180:13-52
	android:name
		ADDED from src\main\AndroidManifest.xml:178:13-49
activity#com.agent.vrhouse.ui.PublicGroupsActivity
ADDED from src\main\AndroidManifest.xml:183:9-187:64
	android:screenOrientation
		ADDED from src\main\AndroidManifest.xml:185:13-49
	android:windowSoftInputMode
		ADDED from src\main\AndroidManifest.xml:187:13-52
	android:theme
		ADDED from src\main\AndroidManifest.xml:186:13-52
	android:name
		ADDED from src\main\AndroidManifest.xml:184:13-52
activity#com.agent.vrhouse.ui.PublicChatRoomsActivity
ADDED from src\main\AndroidManifest.xml:188:9-192:64
	android:screenOrientation
		ADDED from src\main\AndroidManifest.xml:190:13-49
	android:windowSoftInputMode
		ADDED from src\main\AndroidManifest.xml:192:13-52
	android:theme
		ADDED from src\main\AndroidManifest.xml:191:13-52
	android:name
		ADDED from src\main\AndroidManifest.xml:189:13-55
activity#com.agent.vrhouse.ui.VoiceCallActivity
ADDED from src\main\AndroidManifest.xml:195:9-199:60
	android:screenOrientation
		ADDED from src\main\AndroidManifest.xml:198:13-49
	android:launchMode
		ADDED from src\main\AndroidManifest.xml:197:13-44
	android:theme
		ADDED from src\main\AndroidManifest.xml:199:13-48
	android:name
		ADDED from src\main\AndroidManifest.xml:196:13-49
activity#com.agent.vrhouse.ui.VideoCallActivity
ADDED from src\main\AndroidManifest.xml:201:9-206:64
	android:screenOrientation
		ADDED from src\main\AndroidManifest.xml:205:13-49
	android:launchMode
		ADDED from src\main\AndroidManifest.xml:204:13-44
	android:configChanges
		ADDED from src\main\AndroidManifest.xml:203:13-74
	android:theme
		ADDED from src\main\AndroidManifest.xml:206:13-52
	android:name
		ADDED from src\main\AndroidManifest.xml:202:13-49
activity#com.agent.vrhouse.ui.GroupSimpleDetailActivity
ADDED from src\main\AndroidManifest.xml:208:9-211:64
	android:screenOrientation
		ADDED from src\main\AndroidManifest.xml:210:13-49
	android:theme
		ADDED from src\main\AndroidManifest.xml:211:13-52
	android:name
		ADDED from src\main\AndroidManifest.xml:209:13-57
activity#com.agent.vrhouse.ui.GroupBlacklistActivity
ADDED from src\main\AndroidManifest.xml:213:9-216:64
	android:screenOrientation
		ADDED from src\main\AndroidManifest.xml:215:13-49
	android:theme
		ADDED from src\main\AndroidManifest.xml:216:13-52
	android:name
		ADDED from src\main\AndroidManifest.xml:214:13-54
activity#com.agent.vrhouse.ui.GroupSearchMessageActivity
ADDED from src\main\AndroidManifest.xml:217:9-221:58
	android:screenOrientation
		ADDED from src\main\AndroidManifest.xml:219:13-49
	android:windowSoftInputMode
		ADDED from src\main\AndroidManifest.xml:221:13-55
	android:theme
		ADDED from src\main\AndroidManifest.xml:220:13-52
	android:name
		ADDED from src\main\AndroidManifest.xml:218:13-58
activity#com.agent.vrhouse.ui.PublicGroupsSeachActivity
ADDED from src\main\AndroidManifest.xml:222:9-225:64
	android:screenOrientation
		ADDED from src\main\AndroidManifest.xml:224:13-49
	android:theme
		ADDED from src\main\AndroidManifest.xml:225:13-52
	android:name
		ADDED from src\main\AndroidManifest.xml:223:13-57
activity#com.agent.vrhouse.ui.EditActivity
ADDED from src\main\AndroidManifest.xml:226:9-230:67
	android:screenOrientation
		ADDED from src\main\AndroidManifest.xml:228:13-49
	android:windowSoftInputMode
		ADDED from src\main\AndroidManifest.xml:230:13-55
	android:theme
		ADDED from src\main\AndroidManifest.xml:229:13-52
	android:name
		ADDED from src\main\AndroidManifest.xml:227:13-44
activity#com.hyphenate.easeui.ui.EaseShowVideoActivity
ADDED from src\main\AndroidManifest.xml:231:9-235:72
	android:screenOrientation
		ADDED from src\main\AndroidManifest.xml:233:13-49
	android:windowSoftInputMode
		ADDED from src\main\AndroidManifest.xml:235:13-60
	android:theme
		ADDED from src\main\AndroidManifest.xml:234:13-52
	android:name
		ADDED from src\main\AndroidManifest.xml:232:13-73
activity#com.agent.vrhouse.ui.ImageGridActivity
ADDED from src\main\AndroidManifest.xml:237:9-241:72
	android:screenOrientation
		ADDED from src\main\AndroidManifest.xml:239:13-49
	android:windowSoftInputMode
		ADDED from src\main\AndroidManifest.xml:241:13-60
	android:theme
		ADDED from src\main\AndroidManifest.xml:240:13-52
	android:name
		ADDED from src\main\AndroidManifest.xml:238:13-49
activity#com.agent.vrhouse.ui.RecorderVideoActivity
ADDED from src\main\AndroidManifest.xml:242:9-246:72
	android:screenOrientation
		ADDED from src\main\AndroidManifest.xml:244:13-49
	android:windowSoftInputMode
		ADDED from src\main\AndroidManifest.xml:246:13-60
	android:theme
		ADDED from src\main\AndroidManifest.xml:245:13-52
	android:name
		ADDED from src\main\AndroidManifest.xml:243:13-53
activity#com.agent.vrhouse.ui.DiagnoseActivity
ADDED from src\main\AndroidManifest.xml:248:9-252:72
	android:screenOrientation
		ADDED from src\main\AndroidManifest.xml:250:13-49
	android:windowSoftInputMode
		ADDED from src\main\AndroidManifest.xml:252:13-60
	android:theme
		ADDED from src\main\AndroidManifest.xml:251:13-52
	android:name
		ADDED from src\main\AndroidManifest.xml:249:13-48
activity#com.agent.vrhouse.ui.OfflinePushNickActivity
ADDED from src\main\AndroidManifest.xml:255:9-259:72
	android:screenOrientation
		ADDED from src\main\AndroidManifest.xml:257:13-49
	android:windowSoftInputMode
		ADDED from src\main\AndroidManifest.xml:259:13-60
	android:theme
		ADDED from src\main\AndroidManifest.xml:258:13-52
	android:name
		ADDED from src\main\AndroidManifest.xml:256:13-55
activity#com.agent.vrhouse.ui.RobotsActivity
ADDED from src\main\AndroidManifest.xml:261:9-265:63
	android:screenOrientation
		ADDED from src\main\AndroidManifest.xml:263:13-49
	android:windowSoftInputMode
		ADDED from src\main\AndroidManifest.xml:265:13-60
	android:theme
		ADDED from src\main\AndroidManifest.xml:264:13-52
	android:name
		ADDED from src\main\AndroidManifest.xml:262:13-46
activity#com.agent.vrhouse.ui.UserProfileActivity
ADDED from src\main\AndroidManifest.xml:267:9-270:55
	android:screenOrientation
		ADDED from src\main\AndroidManifest.xml:269:13-49
	android:theme
		ADDED from src\main\AndroidManifest.xml:270:13-52
	android:name
		ADDED from src\main\AndroidManifest.xml:268:13-51
activity#com.agent.vrhouse.ui.SetServersActivity
ADDED from src\main\AndroidManifest.xml:272:9-275:15
	android:screenOrientation
		ADDED from src\main\AndroidManifest.xml:273:13-49
	android:theme
		ADDED from src\main\AndroidManifest.xml:274:13-52
	android:name
		ADDED from src\main\AndroidManifest.xml:272:19-56
activity#com.easemob.redpacketui.ui.activity.RPRedPacketActivity
ADDED from src\main\AndroidManifest.xml:279:9-283:68
	android:screenOrientation
		ADDED from src\main\AndroidManifest.xml:281:13-49
	android:windowSoftInputMode
		ADDED from src\main\AndroidManifest.xml:283:13-65
	android:theme
		ADDED from src\main\AndroidManifest.xml:282:13-52
	android:name
		ADDED from src\main\AndroidManifest.xml:280:13-83
activity#com.easemob.redpacketui.ui.activity.RPDetailActivity
ADDED from src\main\AndroidManifest.xml:285:9-289:55
	android:screenOrientation
		ADDED from src\main\AndroidManifest.xml:287:13-49
	android:windowSoftInputMode
		ADDED from src\main\AndroidManifest.xml:289:13-52
	android:theme
		ADDED from src\main\AndroidManifest.xml:288:13-52
	android:name
		ADDED from src\main\AndroidManifest.xml:286:13-80
activity#com.easemob.redpacketui.ui.activity.RPRecordActivity
ADDED from src\main\AndroidManifest.xml:291:9-295:55
	android:screenOrientation
		ADDED from src\main\AndroidManifest.xml:293:13-49
	android:windowSoftInputMode
		ADDED from src\main\AndroidManifest.xml:295:13-52
	android:theme
		ADDED from src\main\AndroidManifest.xml:294:13-52
	android:name
		ADDED from src\main\AndroidManifest.xml:292:13-80
activity#com.easemob.redpacketui.ui.activity.RPWebViewActivity
ADDED from src\main\AndroidManifest.xml:297:9-301:70
	android:screenOrientation
		ADDED from src\main\AndroidManifest.xml:299:13-49
	android:windowSoftInputMode
		ADDED from src\main\AndroidManifest.xml:301:13-67
	android:theme
		ADDED from src\main\AndroidManifest.xml:300:13-52
	android:name
		ADDED from src\main\AndroidManifest.xml:298:13-81
activity#com.easemob.redpacketui.ui.activity.RPChangeActivity
ADDED from src\main\AndroidManifest.xml:303:9-307:70
	android:screenOrientation
		ADDED from src\main\AndroidManifest.xml:305:13-49
	android:windowSoftInputMode
		ADDED from src\main\AndroidManifest.xml:307:13-67
	android:theme
		ADDED from src\main\AndroidManifest.xml:306:13-52
	android:name
		ADDED from src\main\AndroidManifest.xml:304:13-80
activity#com.easemob.redpacketui.ui.activity.RPBankCardActivity
ADDED from src\main\AndroidManifest.xml:309:9-313:67
	android:screenOrientation
		ADDED from src\main\AndroidManifest.xml:311:13-49
	android:windowSoftInputMode
		ADDED from src\main\AndroidManifest.xml:313:13-64
	android:theme
		ADDED from src\main\AndroidManifest.xml:312:13-52
	android:name
		ADDED from src\main\AndroidManifest.xml:310:13-82
activity#com.easemob.redpacketui.ui.activity.RPGroupMemberActivity
ADDED from src\main\AndroidManifest.xml:315:9-319:67
	android:screenOrientation
		ADDED from src\main\AndroidManifest.xml:317:13-49
	android:windowSoftInputMode
		ADDED from src\main\AndroidManifest.xml:319:13-64
	android:theme
		ADDED from src\main\AndroidManifest.xml:318:13-52
	android:name
		ADDED from src\main\AndroidManifest.xml:316:13-85
activity#com.alipay.sdk.app.H5PayActivity
ADDED from src\main\AndroidManifest.xml:321:9-326:70
	android:screenOrientation
		ADDED from src\main\AndroidManifest.xml:325:13-47
	android:exported
		ADDED from src\main\AndroidManifest.xml:324:13-37
	android:windowSoftInputMode
		ADDED from src\main\AndroidManifest.xml:326:13-67
	android:configChanges
		ADDED from src\main\AndroidManifest.xml:323:13-85
	android:name
		ADDED from src\main\AndroidManifest.xml:322:13-60
activity#com.easemob.redpacketui.ui.activity.RPTransferActivity
ADDED from src\main\AndroidManifest.xml:328:9-333:15
	android:screenOrientation
		ADDED from src\main\AndroidManifest.xml:330:13-49
	android:windowSoftInputMode
		ADDED from src\main\AndroidManifest.xml:332:13-65
	android:theme
		ADDED from src\main\AndroidManifest.xml:331:13-52
	android:name
		ADDED from src\main\AndroidManifest.xml:329:13-82
activity#com.easemob.redpacketui.ui.activity.RPTransferDetailActivity
ADDED from src\main\AndroidManifest.xml:335:9-340:15
	android:screenOrientation
		ADDED from src\main\AndroidManifest.xml:337:13-49
	android:windowSoftInputMode
		ADDED from src\main\AndroidManifest.xml:339:13-64
	android:theme
		ADDED from src\main\AndroidManifest.xml:338:13-52
	android:name
		ADDED from src\main\AndroidManifest.xml:336:13-88
receiver#com.agent.vrhouse.receiver.StartServiceReceiver
ADDED from src\main\AndroidManifest.xml:345:9-352:20
	android:name
		ADDED from src\main\AndroidManifest.xml:345:19-64
intent-filter#android.intent.action.BOOT_COMPLETED+android.intent.action.QUICKBOOT_POWERON+android.intent.category.LAUNCHER
ADDED from src\main\AndroidManifest.xml:346:13-351:29
	android:priority
		ADDED from src\main\AndroidManifest.xml:346:28-51
action#android.intent.action.BOOT_COMPLETED
ADDED from src\main\AndroidManifest.xml:347:17-79
	android:name
		ADDED from src\main\AndroidManifest.xml:347:25-76
action#android.intent.action.QUICKBOOT_POWERON
ADDED from src\main\AndroidManifest.xml:348:17-82
	android:name
		ADDED from src\main\AndroidManifest.xml:348:25-79
receiver#com.hyphenate.chat.EMGCMBroadcastReceiver
ADDED from src\main\AndroidManifest.xml:355:9-364:20
	android:exported
		ADDED from src\main\AndroidManifest.xml:357:13-36
	android:permission
		ADDED from src\main\AndroidManifest.xml:358:13-73
	android:name
		ADDED from src\main\AndroidManifest.xml:356:13-69
intent-filter#com.google.android.c2dm.intent.RECEIVE+com.hyphenate.chatuidemo
ADDED from src\main\AndroidManifest.xml:359:13-363:29
action#com.google.android.c2dm.intent.RECEIVE
ADDED from src\main\AndroidManifest.xml:360:17-81
	android:name
		ADDED from src\main\AndroidManifest.xml:360:25-78
category#com.hyphenate.chatuidemo
ADDED from src\main\AndroidManifest.xml:362:17-69
	android:name
		ADDED from src\main\AndroidManifest.xml:362:27-66
service#com.hyphenate.chat.EMGCMListenerService
ADDED from src\main\AndroidManifest.xml:366:9-368:48
	android:exported
		ADDED from src\main\AndroidManifest.xml:368:13-37
	android:name
		ADDED from src\main\AndroidManifest.xml:367:13-67
receiver#com.agent.vrhouse.receiver.GCMPushBroadCast
ADDED from src\main\AndroidManifest.xml:370:9-378:20
	android:exported
		ADDED from src\main\AndroidManifest.xml:372:13-37
	android:name
		ADDED from src\main\AndroidManifest.xml:371:13-54
intent-filter#com.hyphenate.chatuidemo+com.hyphenate.sdk.push
ADDED from src\main\AndroidManifest.xml:373:13-377:29
action#com.hyphenate.sdk.push
ADDED from src\main\AndroidManifest.xml:374:17-65
	android:name
		ADDED from src\main\AndroidManifest.xml:374:25-62
service#com.xiaomi.mipush.sdk.PushMessageHandler
ADDED from src\main\AndroidManifest.xml:383:9-387:46
	android:enabled
		ADDED from src\main\AndroidManifest.xml:385:13-35
	android:exported
		ADDED from src\main\AndroidManifest.xml:386:13-36
	tools:ignore
		ADDED from src\main\AndroidManifest.xml:387:13-43
	android:name
		ADDED from src\main\AndroidManifest.xml:384:13-68
service#com.xiaomi.mipush.sdk.MessageHandleService
ADDED from src\main\AndroidManifest.xml:388:9-390:38
	android:enabled
		ADDED from src\main\AndroidManifest.xml:390:13-35
	android:name
		ADDED from src\main\AndroidManifest.xml:389:13-70
receiver#com.hyphenate.chat.EMMipushReceiver
ADDED from src\main\AndroidManifest.xml:392:9-405:20
	android:exported
		ADDED from src\main\AndroidManifest.xml:394:13-36
	tools:ignore
		ADDED from src\main\AndroidManifest.xml:395:13-44
	android:name
		ADDED from src\main\AndroidManifest.xml:393:13-63
intent-filter#com.xiaomi.mipush.RECEIVE_MESSAGE
ADDED from src\main\AndroidManifest.xml:396:13-398:29
action#com.xiaomi.mipush.RECEIVE_MESSAGE
ADDED from src\main\AndroidManifest.xml:397:17-76
	android:name
		ADDED from src\main\AndroidManifest.xml:397:25-73
intent-filter#com.xiaomi.mipush.MESSAGE_ARRIVED
ADDED from src\main\AndroidManifest.xml:399:13-401:29
action#com.xiaomi.mipush.MESSAGE_ARRIVED
ADDED from src\main\AndroidManifest.xml:400:17-76
	android:name
		ADDED from src\main\AndroidManifest.xml:400:25-73
intent-filter#com.xiaomi.mipush.ERROR
ADDED from src\main\AndroidManifest.xml:402:13-404:29
action#com.xiaomi.mipush.ERROR
ADDED from src\main\AndroidManifest.xml:403:17-66
	android:name
		ADDED from src\main\AndroidManifest.xml:403:25-63
receiver#com.hyphenate.chat.EMHuaweiPushReceiver
ADDED from src\main\AndroidManifest.xml:410:9-424:20
	android:exported
		ADDED from src\main\AndroidManifest.xml:412:13-36
	android:name
		ADDED from src\main\AndroidManifest.xml:411:13-67
intent-filter#com.huawei.android.push.intent.RECEIVE+com.huawei.android.push.intent.REGISTRATION
ADDED from src\main\AndroidManifest.xml:413:13-419:29
action#com.huawei.android.push.intent.REGISTRATION
ADDED from src\main\AndroidManifest.xml:416:17-86
	android:name
		ADDED from src\main\AndroidManifest.xml:416:25-83
action#com.huawei.android.push.intent.RECEIVE
ADDED from src\main\AndroidManifest.xml:418:17-81
	android:name
		ADDED from src\main\AndroidManifest.xml:418:25-78
meta-data#CS_cloud_ablitity
ADDED from src\main\AndroidManifest.xml:421:13-423:56
	android:value
		ADDED from src\main\AndroidManifest.xml:423:17-53
	android:name
		ADDED from src\main\AndroidManifest.xml:422:17-49
receiver#com.huawei.android.pushagent.PushEventReceiver
ADDED from src\main\AndroidManifest.xml:427:9-437:20
	android:process
		ADDED from src\main\AndroidManifest.xml:430:13-43
	android:exported
		ADDED from src\main\AndroidManifest.xml:429:13-36
	android:name
		ADDED from src\main\AndroidManifest.xml:428:13-74
intent-filter#com.huawei.android.push.PLUGIN+com.huawei.android.push.intent.REFRESH_PUSH_CHANNEL+com.huawei.intent.action.PUSH+com.huawei.intent.action.PUSH_ON
ADDED from src\main\AndroidManifest.xml:431:13-436:29
action#com.huawei.android.push.intent.REFRESH_PUSH_CHANNEL
ADDED from src\main\AndroidManifest.xml:432:17-94
	android:name
		ADDED from src\main\AndroidManifest.xml:432:25-91